  ColorScheme.cpp
C:\Users\david\source\repos\ColorScheme\ColorScheme.cpp(140,26): warning C4244: 'initializing': conversion from 'int' to 'float', possible loss of data
C:\Users\david\source\repos\ColorScheme\ColorScheme.cpp(140,62): warning C4244: 'initializing': conversion from 'int' to 'float', possible loss of data
C:\Users\david\source\repos\ColorScheme\ColorScheme.cpp(140,100): warning C4244: 'initializing': conversion from 'int' to 'float', possible loss of data
C:\Users\david\source\repos\ColorScheme\ColorScheme.cpp(141,26): warning C4244: 'initializing': conversion from 'int' to 'float', possible loss of data
C:\Users\david\source\repos\ColorScheme\ColorScheme.cpp(141,62): warning C4244: 'initializing': conversion from 'int' to 'float', possible loss of data
C:\Users\david\source\repos\ColorScheme\ColorScheme.cpp(141,100): warning C4244: 'initializing': conversion from 'int' to 'float', possible loss of data
C:\Users\david\source\repos\ColorScheme\ColorScheme.cpp(150,21): warning C4244: 'initializing': conversion from 'int' to 'float', possible loss of data
C:\Users\david\source\repos\ColorScheme\ColorScheme.cpp(159,47): warning C4244: 'argument': conversion from 'float' to 'int', possible loss of data
C:\Users\david\source\repos\ColorScheme\ColorScheme.cpp(159,68): warning C4244: 'argument': conversion from 'float' to 'int', possible loss of data
C:\Users\david\source\repos\ColorScheme\ColorScheme.cpp(159,91): warning C4244: 'argument': conversion from 'float' to 'int', possible loss of data
C:\Users\david\source\repos\ColorScheme\ColorScheme.cpp(162,23): warning C4244: 'argument': conversion from 'float' to 'const unsigned __int64', possible loss of data
C:\Users\david\source\repos\ColorScheme\ColorScheme.cpp(163,48): warning C4244: 'argument': conversion from 'float' to 'const unsigned __int64', possible loss of data
C:\Users\david\source\repos\ColorScheme\ColorScheme.cpp(59,9): warning C4101: 'hexReturnCode': unreferenced local variable
  Generating code
  2 of 231 functions ( 0.9%) were compiled, the rest were copied from previous compilation.
    0 functions were new in current compilation
    3 functions had inline decision re-evaluated but remain unchanged
  Finished generating code
  ColorScheme.vcxproj -> C:\Users\david\source\repos\ColorScheme\x64\Release\ColorScheme.exe
